<?xml version="1.0" encoding="UTF-8"?>
<testng-results ignored="0" total="0" passed="0" failed="0" skipped="0">
  <reporter-output>
  </reporter-output>
  <suite started-at="2022-06-22T18:11:52 EDT" name="testpackage.AppTest" finished-at="2022-06-22T18:11:52 EDT" duration-ms="5">
    <groups>
    </groups>
    <test started-at="2022-06-22T18:11:52 EDT" name="Command line test" finished-at="2022-06-22T18:11:52 EDT" duration-ms="5">
    </test> <!-- Command line test -->
  </suite> <!-- testpackage.AppTest -->
</testng-results>
